<?xml version="1.0" encoding="UTF-8"?>
<!-- Generated by org.testng.reporters.JUnitReportReporter -->
<testsuite hostname="DESKTOP-E2JOFU2" failures="0" tests="3" name="Pac2.OrgTest" time="0.015" errors="0" timestamp="2024-11-13T18:18:04 IST" skipped="0">
  <testcase classname="Pac2.OrgTest" name="csmoke" time="0.008"/>
  <testcase classname="Pac2.OrgTest" name="creg" time="0.005"/>
  <testcase classname="Pac2.OrgTest" name="dsmoke" time="0.002"/>
</testsuite> <!-- Pac2.OrgTest -->
