<?xml version="1.0" encoding="UTF-8"?>
<!-- Generated by org.testng.reporters.JUnitReportReporter -->
<testsuite hostname="DESKTOP-E2JOFU2" failures="0" tests="4" name="Pac1.ContactTest" time="0.048" errors="0" timestamp="2024-11-13T18:18:04 IST" skipped="0">
  <testcase classname="Pac1.ContactTest" name="bsmoke" time="0.010"/>
  <testcase classname="Pac1.ContactTest" name="breg" time="0.010"/>
  <testcase classname="Pac1.ContactTest" name="asmoke" time="0.010"/>
  <testcase classname="Pac1.ContactTest" name="areg" time="0.018"/>
</testsuite> <!-- Pac1.ContactTest -->
